2022-08-13 19:23:24.588  INFO 24864 --- [restartedMain] com.ssafy.GroupCallApplication           : Starting GroupCallApplication using Java 1.8.0_192 on DESKTOP-KVCQHCD with PID 24864 (C:\Users\SSAFY\Documents\GitHub\S07P12E207\backend\bin\main started by SSAFY in C:\Users\SSAFY\Documents\GitHub\S07P12E207\backend)
2022-08-13 19:23:24.589  INFO 24864 --- [restartedMain] com.ssafy.GroupCallApplication           : No active profile set, falling back to default profiles: default
2022-08-13 19:23:25.350  INFO 24864 --- [restartedMain] .s.d.r.c.RepositoryConfigurationDelegate : Bootstrapping Spring Data JPA repositories in DEFAULT mode.
2022-08-13 19:23:25.390  INFO 24864 --- [restartedMain] .s.d.r.c.RepositoryConfigurationDelegate : Finished Spring Data repository scanning in 39 ms. Found 4 JPA repository interfaces.
2022-08-13 19:23:25.466  INFO 24864 --- [restartedMain] trationDelegate$BeanPostProcessorChecker : Bean 'org.springframework.security.access.expression.method.DefaultMethodSecurityExpressionHandler@2a2453a3' of type [org.springframework.security.access.expression.method.DefaultMethodSecurityExpressionHandler] is not eligible for getting processed by all BeanPostProcessors (for example: not eligible for auto-proxying)
2022-08-13 19:23:25.466  INFO 24864 --- [restartedMain] trationDelegate$BeanPostProcessorChecker : Bean 'methodSecurityMetadataSource' of type [org.springframework.security.access.method.DelegatingMethodSecurityMetadataSource] is not eligible for getting processed by all BeanPostProcessors (for example: not eligible for auto-proxying)
2022-08-13 19:23:25.629  INFO 24864 --- [restartedMain] o.s.b.w.embedded.tomcat.TomcatWebServer  : Tomcat initialized with port(s): 8080 (http)
2022-08-13 19:23:25.630  INFO 24864 --- [restartedMain] o.apache.catalina.core.StandardService   : Starting service [Tomcat]
2022-08-13 19:23:25.630  INFO 24864 --- [restartedMain] org.apache.catalina.core.StandardEngine  : Starting Servlet engine: [Apache Tomcat/9.0.45]
2022-08-13 19:23:25.653  INFO 24864 --- [restartedMain] o.a.c.c.C.[Tomcat-5].[localhost].[/]     : Initializing Spring embedded WebApplicationContext
2022-08-13 19:23:25.653  INFO 24864 --- [restartedMain] w.s.c.ServletWebServerApplicationContext : Root WebApplicationContext: initialization completed in 1062 ms
2022-08-13 19:23:25.709 DEBUG 24864 --- [restartedMain] o.s.web.filter.CharacterEncodingFilter   : Filter 'characterEncodingFilter' configured for use
2022-08-13 19:23:25.710 DEBUG 24864 --- [restartedMain] o.s.w.f.CommonsRequestLoggingFilter      : Filter 'commonsRequestLoggingFilter' configured for use
2022-08-13 19:23:25.756  INFO 24864 --- [restartedMain] o.hibernate.jpa.internal.util.LogHelper  : HHH000204: Processing PersistenceUnitInfo [name: default]
2022-08-13 19:23:25.760  INFO 24864 --- [restartedMain] com.zaxxer.hikari.HikariDataSource       : HikariPool-17 - Starting...
2022-08-13 19:23:25.783  INFO 24864 --- [restartedMain] com.zaxxer.hikari.HikariDataSource       : HikariPool-17 - Start completed.
2022-08-13 19:23:25.783  INFO 24864 --- [restartedMain] org.hibernate.dialect.Dialect            : HHH000400: Using dialect: org.hibernate.dialect.MySQL57Dialect
2022-08-13 19:23:25.838  INFO 24864 --- [restartedMain] o.h.e.t.j.p.i.JtaPlatformInitiator       : HHH000490: Using JtaPlatform implementation: [org.hibernate.engine.transaction.jta.platform.internal.NoJtaPlatform]
2022-08-13 19:23:25.838  INFO 24864 --- [restartedMain] j.LocalContainerEntityManagerFactoryBean : Initialized JPA EntityManagerFactory for persistence unit 'default'
2022-08-13 19:23:25.856  INFO 24864 --- [restartedMain] o.s.b.d.a.OptionalLiveReloadServer       : LiveReload server is running on port 35729
2022-08-13 19:23:25.957  WARN 24864 --- [restartedMain] JpaBaseConfiguration$JpaWebConfiguration : spring.jpa.open-in-view is enabled by default. Therefore, database queries may be performed during view rendering. Explicitly configure spring.jpa.open-in-view to disable this warning
2022-08-13 19:23:26.222 DEBUG 24864 --- [restartedMain] s.w.s.m.m.a.RequestMappingHandlerMapping : 41 mappings in 'requestMappingHandlerMapping'
2022-08-13 19:23:26.274  INFO 24864 --- [restartedMain] o.s.b.a.e.web.EndpointLinksResolver      : Exposing 2 endpoint(s) beneath base path '/actuator'
2022-08-13 19:23:26.343  INFO 24864 --- [restartedMain] o.s.s.web.DefaultSecurityFilterChain     : Will secure Ant [pattern='/api/v1/users/me'] with [org.springframework.security.web.context.request.async.WebAsyncManagerIntegrationFilter@3a99ca85, org.springframework.security.web.context.SecurityContextPersistenceFilter@2119df2, org.springframework.security.web.header.HeaderWriterFilter@7ebe15ec, org.springframework.web.filter.CorsFilter@45b8d210, org.springframework.security.web.authentication.logout.LogoutFilter@2e8692e8, com.ssafy.common.auth.JwtUserAuthenticationFilter@7e878553, org.springframework.security.web.savedrequest.RequestCacheAwareFilter@130f827a, org.springframework.security.web.servletapi.SecurityContextHolderAwareRequestFilter@1d90e482, org.springframework.security.web.authentication.AnonymousAuthenticationFilter@39665943, org.springframework.security.web.session.SessionManagementFilter@1b94d9e0, org.springframework.security.web.access.ExceptionTranslationFilter@5f09c0da, org.springframework.security.web.access.intercept.FilterSecurityInterceptor@521d333f]
2022-08-13 19:23:26.344  INFO 24864 --- [restartedMain] o.s.s.web.DefaultSecurityFilterChain     : Will secure Ant [pattern='/api/v1/counselors/me'] with [org.springframework.security.web.context.request.async.WebAsyncManagerIntegrationFilter@144e2284, org.springframework.security.web.context.SecurityContextPersistenceFilter@e41a6d6, org.springframework.security.web.header.HeaderWriterFilter@315d212e, org.springframework.web.filter.CorsFilter@6990c500, org.springframework.security.web.authentication.logout.LogoutFilter@69a1080d, com.ssafy.common.auth.JwtCounselorAuthenticationFilter@500109e1, org.springframework.security.web.savedrequest.RequestCacheAwareFilter@6ba7e329, org.springframework.security.web.servletapi.SecurityContextHolderAwareRequestFilter@332beb22, org.springframework.security.web.authentication.AnonymousAuthenticationFilter@c6ed248, org.springframework.security.web.session.SessionManagementFilter@5f50defe, org.springframework.security.web.access.ExceptionTranslationFilter@7bc47f0, org.springframework.security.web.access.intercept.FilterSecurityInterceptor@71e5aadb]
2022-08-13 19:23:26.379  INFO 24864 --- [restartedMain] o.s.s.concurrent.ThreadPoolTaskExecutor  : Initializing ExecutorService 'applicationTaskExecutor'
2022-08-13 19:23:26.385 DEBUG 24864 --- [restartedMain] s.w.s.m.m.a.RequestMappingHandlerAdapter : ControllerAdvice beans: 0 @ModelAttribute, 0 @InitBinder, 1 RequestBodyAdvice, 1 ResponseBodyAdvice
2022-08-13 19:23:26.389  INFO 24864 --- [restartedMain] o.s.b.a.w.s.WelcomePageHandlerMapping    : Adding welcome page: class path resource [dist/index.html]
2022-08-13 19:23:26.395 DEBUG 24864 --- [restartedMain] o.s.w.s.handler.SimpleUrlHandlerMapping  : Patterns [/swagger-ui/] in 'viewControllerHandlerMapping'
2022-08-13 19:23:26.407 DEBUG 24864 --- [restartedMain] o.s.w.s.c.annotation.WebMvcConfigurer    : Default resource handling disabled
2022-08-13 19:23:26.503 DEBUG 24864 --- [restartedMain] o.s.w.s.handler.SimpleUrlHandlerMapping  : Patterns [/resources/**, /swagger-ui.html, /webjars/**, /css/**, /fonts/**, /icons/**, /img/**, /js/**, /swagger-ui/**] in 'resourceHandlerMapping'
2022-08-13 19:23:26.513 DEBUG 24864 --- [restartedMain] .m.m.a.ExceptionHandlerExceptionResolver : ControllerAdvice beans: 1 @ExceptionHandler, 1 ResponseBodyAdvice
2022-08-13 19:23:26.633  INFO 24864 --- [restartedMain] o.s.b.w.embedded.tomcat.TomcatWebServer  : Tomcat started on port(s): 8080 (http) with context path ''
2022-08-13 19:23:26.775  INFO 24864 --- [restartedMain] com.ssafy.GroupCallApplication           : Started GroupCallApplication in 2.213 seconds (JVM running for 202833.094)
2022-08-13 19:23:26.779  INFO 24864 --- [restartedMain] .ConditionEvaluationDeltaLoggingListener : Condition evaluation unchanged
